<?xml version="1.0" encoding="UTF-8"?>
<!-- Generated by org.testng.reporters.JUnitReportReporter -->
<testsuite hostname="9a5b7116d740519" failures="0" tests="10" name="testngtests.ReqResTest" time="96.124" errors="0" timestamp="2023-08-31T21:17:01 IST" skipped="0">
  <testcase classname="testngtests.ReqResTest" name="postTest" time="9.411"/>
  <system-out/>
  <testcase classname="testngtests.ReqResTest" name="postTest" time="9.527"/>
  <system-out/>
  <testcase classname="testngtests.ReqResTest" name="postTest" time="9.405"/>
  <system-out/>
  <testcase classname="testngtests.ReqResTest" name="postTest" time="10.806"/>
  <system-out/>
  <testcase classname="testngtests.ReqResTest" name="postTest" time="9.311"/>
  <system-out/>
  <testcase classname="testngtests.ReqResTest" name="postTest" time="9.340"/>
  <system-out/>
  <testcase classname="testngtests.ReqResTest" name="postTest" time="9.550"/>
  <system-out/>
  <testcase classname="testngtests.ReqResTest" name="postTest" time="9.847"/>
  <system-out/>
  <testcase classname="testngtests.ReqResTest" name="postTest" time="9.413"/>
  <system-out/>
  <testcase classname="testngtests.ReqResTest" name="postTest" time="9.514"/>
  <system-out/>
</testsuite> <!-- testngtests.ReqResTest -->
