<?xml version="1.0" encoding="UTF-8"?>
<!-- Generated by org.testng.reporters.JUnitReportReporter -->
<testsuite hostname="9a5b7116d740519" failures="0" tests="1" name="testngtests.ReqResTest" time="11.869" errors="0" timestamp="2023-09-01T02:16:39 IST" skipped="0">
  <testcase classname="testngtests.ReqResTest" name="postTest" time="11.869"/>
  <system-out/>
</testsuite> <!-- testngtests.ReqResTest -->
