<?xml version="1.0" encoding="UTF-8"?>
<!-- Generated by org.testng.reporters.JUnitReportReporter -->
<testsuite hostname="9a5b7116d740519" failures="0" tests="1" name="testngtests.ReqResTest" time="12.078" errors="0" timestamp="2023-08-31T22:21:23 IST" skipped="0">
  <testcase classname="testngtests.ReqResTest" name="postTest" time="12.078"/>
  <system-out/>
</testsuite> <!-- testngtests.ReqResTest -->
